<?xml version="1.0" encoding="UTF-8"?>
<!-- Generated by org.testng.reporters.JUnitReportReporter -->
<testsuite hostname="RajeshVNs-MacBook-Air.local" failures="0" tests="2" name="Cookies_Headers.Cookies_Validation" time="2.500" errors="0" timestamp="2024-03-26T23:48:31 IST" skipped="1">
  <testcase classname="Cookies_Headers.Cookies_Validation" name="cookiess_Response" time="2.500"/>
  <testcase classname="Cookies_Headers.Cookies_Validation" name="cookiee">
    <skipped/>
  </testcase> <!-- cookiee -->
</testsuite> <!-- Cookies_Headers.Cookies_Validation -->
