<?xml version="1.0" encoding="UTF-8"?>
<!-- Generated by org.testng.reporters.JUnitReportReporter -->
<testsuite hostname="RajeshVNs-MacBook-Air.local" failures="0" tests="1" name="faker_data_generator.Faker_lib" time="0.672" errors="0" timestamp="2024-04-02T16:22:43 IST" skipped="0">
  <testcase classname="faker_data_generator.Faker_lib" name="testData_generator" time="0.672"/>
</testsuite> <!-- faker_data_generator.Faker_lib -->
