<?xml version="1.0" encoding="UTF-8"?>
<!-- Generated by org.testng.reporters.JUnitReportReporter -->
<testsuite hostname="RajeshVNs-MacBook-Air.local" failures="0" tests="2" name="serialization_deserialization.Serialization" time="0.276" errors="0" timestamp="2024-04-02T14:28:58 IST" skipped="0">
  <testcase classname="serialization_deserialization.Serialization" name="convert_POJO_Obj2_JSONObject" time="0.019"/>
  <testcase classname="serialization_deserialization.Serialization" name="convert_JSONObject2_PojoObject" time="0.257"/>
</testsuite> <!-- serialization_deserialization.Serialization -->
