<?xml version="1.0" encoding="UTF-8"?>
<!-- Generated by org.testng.reporters.JUnitReportReporter -->
<testsuite hostname="RajeshVNs-MacBook-Air.local" failures="0" tests="2" name="Cookies_Headers.Header_validation" time="3.926" errors="0" timestamp="2024-03-26T23:40:26 IST" skipped="1">
  <testcase classname="Cookies_Headers.Header_validation" name="all_headers_info" time="3.926"/>
  <testcase classname="Cookies_Headers.Header_validation" name="header_info">
    <skipped/>
  </testcase> <!-- header_info -->
</testsuite> <!-- Cookies_Headers.Header_validation -->
