<?xml version="1.0" encoding="UTF-8"?>
<!-- Generated by org.testng.reporters.JUnitReportReporter -->
<testsuite hostname="RajeshVNs-MacBook-Air.local" failures="0" tests="1" name="schema_validations.JSON_schema_validation" time="3.620" errors="0" timestamp="2024-04-02T14:35:07 IST" skipped="0">
  <testcase classname="schema_validations.JSON_schema_validation" name="json_schema" time="3.620"/>
</testsuite> <!-- schema_validations.JSON_schema_validation -->
