<?xml version="1.0" encoding="UTF-8"?>
<!-- Generated by org.testng.reporters.JUnitReportReporter -->
<testsuite hostname="RajeshVNs-MacBook-Air.local" failures="0" tests="4" name="diff_4_waysToCreat_jsonBody.Different_4ways_json_body_creation" time="2.735" errors="0" timestamp="2024-03-26T18:12:24 IST" skipped="2">
  <testcase classname="diff_4_waysToCreat_jsonBody.Different_4ways_json_body_creation" name="test_Post_use_ExtJSON_file" time="0.010"/>
  <testcase classname="diff_4_waysToCreat_jsonBody.Different_4ways_json_body_creation" name="deleteRecord" time="2.725"/>
  <testcase classname="diff_4_waysToCreat_jsonBody.Different_4ways_json_body_creation" name="testPost_use_JsonLibrary">
    <skipped/>
  </testcase> <!-- testPost_use_JsonLibrary -->
  <testcase classname="diff_4_waysToCreat_jsonBody.Different_4ways_json_body_creation" name="test_Post_use_POJO">
    <skipped/>
  </testcase> <!-- test_Post_use_POJO -->
</testsuite> <!-- diff_4_waysToCreat_jsonBody.Different_4ways_json_body_creation -->
