<?xml version="1.0" encoding="UTF-8"?>
<!-- Generated by org.testng.reporters.JUnitReportReporter -->
<testsuite hostname="RajeshVNs-MacBook-Air.local" failures="0" tests="4" name="Parsing_JSON_Response.Parsing_JsonResponse_Body" time="2.441" errors="0" timestamp="2024-03-27T01:35:02 IST" skipped="3">
  <testcase classname="Parsing_JSON_Response.Parsing_JsonResponse_Body" name="parsing_JsonBody_to_add_values_in_jsonObj" time="2.441"/>
  <testcase classname="Parsing_JSON_Response.Parsing_JsonResponse_Body" name="parsing_JsonBody_using_JSONObject_class">
    <skipped/>
  </testcase> <!-- parsing_JsonBody_using_JSONObject_class -->
  <testcase classname="Parsing_JSON_Response.Parsing_JsonResponse_Body" name="parsing_JsonBody_using_Respnse">
    <skipped/>
  </testcase> <!-- parsing_JsonBody_using_Respnse -->
  <testcase classname="Parsing_JSON_Response.Parsing_JsonResponse_Body" name="parsing_JsonBody_usingJsonFinder_using_THEN">
    <skipped/>
  </testcase> <!-- parsing_JsonBody_usingJsonFinder_using_THEN -->
</testsuite> <!-- Parsing_JSON_Response.Parsing_JsonResponse_Body -->
