<?xml version="1.0" encoding="UTF-8"?>
<!-- Generated by org.testng.reporters.JUnitReportReporter -->
<testsuite hostname="RajeshVNs-MacBook-Air.local" failures="0" tests="3" name="authorization.Authentications" time="9.623" errors="0" timestamp="2024-04-02T15:20:30 IST" skipped="0">
  <testcase classname="authorization.Authentications" name="PreEmptive_auth" time="1.423"/>
  <testcase classname="authorization.Authentications" name="DIgest_auth" time="1.870"/>
  <testcase classname="authorization.Authentications" name="Basic_auth" time="6.330"/>
</testsuite> <!-- authorization.Authentications -->
