<?xml version="1.0" encoding="UTF-8"?>
<!-- Generated by org.testng.reporters.JUnitReportReporter -->
<testsuite hostname="RajeshVNs-MacBook-Air.local" failures="0" tests="2" name="parsing_XML_Response.xml_response_validation" time="6.899" errors="0" timestamp="2024-03-27T20:25:27 IST" skipped="1">
  <testcase classname="parsing_XML_Response.xml_response_validation" name="xml_validation_with_Response" time="6.899"/>
  <testcase classname="parsing_XML_Response.xml_response_validation" name="xml_validation_inside_THEN">
    <skipped/>
  </testcase> <!-- xml_validation_inside_THEN -->
</testsuite> <!-- parsing_XML_Response.xml_response_validation -->
