<?xml version="1.0" encoding="UTF-8"?>
<!-- Generated by org.testng.reporters.JUnitReportReporter -->
<testsuite hostname="RajeshVNs-MacBook-Air.local" failures="0" tests="5" name="authorization.Bearer_outh" time="6.953" errors="0" timestamp="2024-04-02T16:04:05 IST" skipped="1">
  <testcase classname="authorization.Bearer_outh" name="bearerToken_auth" time="0.950"/>
  <testcase classname="authorization.Bearer_outh" name="api_key_auth111" time="3.884"/>
  <testcase classname="authorization.Bearer_outh" name="api_key_auth222" time="1.521"/>
  <testcase classname="authorization.Bearer_outh" name="oAUTH_two" time="0.598"/>
  <testcase classname="authorization.Bearer_outh" name="oAUTH_ONE">
    <skipped/>
  </testcase> <!-- oAUTH_ONE -->
</testsuite> <!-- authorization.Bearer_outh -->
