<?xml version="1.0" encoding="UTF-8"?>
<!-- Generated by org.testng.reporters.JUnitReportReporter -->
<testsuite hostname="RajeshVNs-MacBook-Air.local" failures="0" tests="1" name="LOGGGG.Logging_types" time="2.571" errors="0" timestamp="2024-03-26T23:49:07 IST" skipped="0">
  <testcase classname="LOGGGG.Logging_types" name="logloglog" time="2.571"/>
</testsuite> <!-- LOGGGG.Logging_types -->
