<?xml version="1.0" encoding="UTF-8"?>
<!-- Generated by org.testng.reporters.JUnitReportReporter -->
<testsuite hostname="RajeshVNs-MacBook-Air.local" failures="0" tests="4" name="httpRequests.GetPostPutDelete" time="5.112" errors="0" timestamp="2024-03-26T14:45:48 IST" skipped="0">
  <testcase classname="httpRequests.GetPostPutDelete" name="getUser" time="1.125"/>
  <testcase classname="httpRequests.GetPostPutDelete" name="deletUser" time="2.599"/>
  <testcase classname="httpRequests.GetPostPutDelete" name="updateUser" time="0.442"/>
  <testcase classname="httpRequests.GetPostPutDelete" name="creatUser" time="0.946"/>
</testsuite> <!-- httpRequests.GetPostPutDelete -->
