<?xml version="1.0" encoding="UTF-8"?>
<!-- Generated by org.testng.reporters.JUnitReportReporter -->
<testsuite hostname="RajeshVNs-MacBook-Air.local" failures="0" tests="2" name="diff_4_waysToCreat_jsonBody.Different_4ways_json_body_creation" time="5.300" errors="0" timestamp="2024-03-26T17:07:58 IST" skipped="0">
  <testcase classname="diff_4_waysToCreat_jsonBody.Different_4ways_json_body_creation" name="testPost_use_HashMap" time="1.790"/>
  <testcase classname="diff_4_waysToCreat_jsonBody.Different_4ways_json_body_creation" name="deleteRecord" time="3.510"/>
</testsuite> <!-- diff_4_waysToCreat_jsonBody.Different_4ways_json_body_creation -->
